<?xml version="1.0" encoding="UTF-8"?>
<!-- Generated by org.testng.reporters.JUnitXMLReporter -->
<testsuite ignored="0" hostname="Mayanks-MacBook-Pro.local" failures="0" tests="8" name="Surefire test" time="0.102" errors="0" timestamp="2026-06-07T07:59:28 IST">
  <testcase classname="com.example.framework.reporting.ArtifactPathResolverTest" name="createsSafeFailureArtifactPathsFromScenarioName" time="0.003"/>
  <testcase classname="com.example.framework.core.ScenarioContextTest" name="pageThrowsClearErrorWhenScenarioHasNotStarted" time="0.001"/>
  <testcase classname="com.example.framework.data.ResolverTest" name="resolvesLocatorSchemaEntriesToPlaywrightSelectorSyntax" time="0.074"/>
  <testcase classname="com.example.framework.data.ResolverTest" name="resolvesTestDataByDotSeparatedKey" time="0.01"/>
  <testcase classname="com.example.framework.data.ResolverTest" name="throwsClearExceptionWhenLocatorIsMissing" time="0.001"/>
  <testcase classname="com.example.framework.data.ResolverTest" name="throwsClearExceptionWhenTestDataKeyIsMissing" time="0.0"/>
  <testcase classname="com.example.framework.data.StepValueResolverTest" name="resolvesUrlKeysThroughTestData" time="0.0"/>
  <testcase classname="com.example.framework.data.StepValueResolverTest" name="returnsLiteralValuesAndDereferencesTestDataExpressions" time="0.001"/>
</testsuite> <!-- Surefire test -->
