<?xml version="1.0" encoding="UTF-8"?>
<!-- Generated by org.testng.reporters.JUnitReportReporter -->
<testsuite hostname="Mayanks-MacBook-Pro.local" failures="0" tests="2" name="com.example.framework.data.StepValueResolverTest" time="0.001" errors="0" timestamp="2026-06-07T07:59:28 IST" skipped="0">
  <testcase classname="com.example.framework.data.StepValueResolverTest" name="returnsLiteralValuesAndDereferencesTestDataExpressions" time="0.001"/>
  <testcase classname="com.example.framework.data.StepValueResolverTest" name="resolvesUrlKeysThroughTestData" time="0.000"/>
</testsuite> <!-- com.example.framework.data.StepValueResolverTest -->
