<?xml version="1.0" encoding="UTF-8"?>
<!-- Generated by org.testng.reporters.JUnitReportReporter -->
<testsuite hostname="Mayanks-MacBook-Pro.local" failures="0" tests="1" name="com.example.framework.core.ScenarioContextTest" time="0.001" errors="0" timestamp="2026-06-07T07:59:28 IST" skipped="0">
  <testcase classname="com.example.framework.core.ScenarioContextTest" name="pageThrowsClearErrorWhenScenarioHasNotStarted" time="0.001"/>
</testsuite> <!-- com.example.framework.core.ScenarioContextTest -->
