<?xml version="1.0" encoding="UTF-8"?>
<!-- Generated by org.testng.reporters.JUnitReportReporter -->
<testsuite hostname="Mayanks-MacBook-Pro.local" failures="0" tests="1" name="com.example.framework.reporting.ArtifactPathResolverTest" time="0.003" errors="0" timestamp="2026-06-07T07:59:28 IST" skipped="0">
  <testcase classname="com.example.framework.reporting.ArtifactPathResolverTest" name="createsSafeFailureArtifactPathsFromScenarioName" time="0.003"/>
</testsuite> <!-- com.example.framework.reporting.ArtifactPathResolverTest -->
