<?xml version="1.0" encoding="UTF-8"?>
<!-- Generated by org.testng.reporters.JUnitReportReporter -->
<testsuite hostname="Mayanks-MacBook-Pro.local" failures="0" tests="4" name="com.example.framework.data.ResolverTest" time="0.085" errors="0" timestamp="2026-06-07T07:59:28 IST" skipped="0">
  <testcase classname="com.example.framework.data.ResolverTest" name="throwsClearExceptionWhenTestDataKeyIsMissing" time="0.000"/>
  <testcase classname="com.example.framework.data.ResolverTest" name="resolvesTestDataByDotSeparatedKey" time="0.010"/>
  <testcase classname="com.example.framework.data.ResolverTest" name="resolvesLocatorSchemaEntriesToPlaywrightSelectorSyntax" time="0.074"/>
  <testcase classname="com.example.framework.data.ResolverTest" name="throwsClearExceptionWhenLocatorIsMissing" time="0.001"/>
</testsuite> <!-- com.example.framework.data.ResolverTest -->
